<?xml version="1.0" encoding="UTF-8"?>
<testng-results ignored="0" total="5" passed="5" failed="0" skipped="0">
  <reporter-output>
  </reporter-output>
  <suite started-at="2025-02-28T14:35:25 IST" name="Suite" finished-at="2025-02-28T14:36:16 IST" duration-ms="51334">
    <groups>
      <group name="ErrorValid">
        <method signature="ErrorValidation_login.ErrorValidation_login()[pri:0, instance:Tests.ErrorValidation_login@3cce5371]" name="ErrorValidation_login" class="Tests.ErrorValidation_login"/>
      </group> <!-- ErrorValid -->
      <group name="smoke">
        <method signature="SubmitOrder.submitOrder(java.util.HashMap)[pri:0, instance:Tests.SubmitOrder@7f485fda]" name="submitOrder" class="Tests.SubmitOrder"/>
      </group> <!-- smoke -->
    </groups>
    <test started-at="2025-02-28T14:35:25 IST" name="Error validation" finished-at="2025-02-28T14:36:00 IST" duration-ms="35220">
      <class name="Tests.ErrorValidation_login">
        <test-method is-config="true" signature="lanchApplication()[pri:0, instance:Tests.ErrorValidation_login@3cce5371]" started-at="2025-02-28T14:35:25 IST" name="lanchApplication" finished-at="2025-02-28T14:35:35 IST" duration-ms="10417" status="PASS">
          <reporter-output>
          </reporter-output>
        </test-method> <!-- lanchApplication -->
        <test-method signature="ErrorValidation_login()[pri:0, instance:Tests.ErrorValidation_login@3cce5371]" started-at="2025-02-28T14:35:35 IST" name="ErrorValidation_login" finished-at="2025-02-28T14:35:37 IST" duration-ms="1502" status="PASS">
          <reporter-output>
          </reporter-output>
        </test-method> <!-- ErrorValidation_login -->
        <test-method is-config="true" signature="tearDown()[pri:0, instance:Tests.ErrorValidation_login@3cce5371]" started-at="2025-02-28T14:35:37 IST" name="tearDown" finished-at="2025-02-28T14:35:39 IST" duration-ms="1979" status="PASS">
          <reporter-output>
          </reporter-output>
        </test-method> <!-- tearDown -->
        <test-method is-config="true" signature="lanchApplication()[pri:0, instance:Tests.ErrorValidation_login@3cce5371]" started-at="2025-02-28T14:35:39 IST" name="lanchApplication" finished-at="2025-02-28T14:35:44 IST" duration-ms="4984" status="PASS">
          <reporter-output>
          </reporter-output>
        </test-method> <!-- lanchApplication -->
        <test-method signature="ProductpageErrorValidation()[pri:0, instance:Tests.ErrorValidation_login@3cce5371]" started-at="2025-02-28T14:35:44 IST" name="ProductpageErrorValidation" finished-at="2025-02-28T14:36:00 IST" duration-ms="15768" status="PASS">
          <reporter-output>
          </reporter-output>
        </test-method> <!-- ProductpageErrorValidation -->
        <test-method is-config="true" signature="tearDown()[pri:0, instance:Tests.ErrorValidation_login@3cce5371]" started-at="2025-02-28T14:36:00 IST" name="tearDown" finished-at="2025-02-28T14:36:00 IST" duration-ms="437" status="PASS">
          <reporter-output>
          </reporter-output>
        </test-method> <!-- tearDown -->
      </class> <!-- Tests.ErrorValidation_login -->
    </test> <!-- Error validation -->
    <test started-at="2025-02-28T14:35:25 IST" name="Submit Order" finished-at="2025-02-28T14:36:16 IST" duration-ms="51334">
      <class name="Tests.SubmitOrder">
        <test-method is-config="true" signature="lanchApplication()[pri:0, instance:Tests.SubmitOrder@7f485fda]" started-at="2025-02-28T14:35:26 IST" name="lanchApplication" finished-at="2025-02-28T14:35:36 IST" duration-ms="10354" status="PASS">
          <reporter-output>
          </reporter-output>
        </test-method> <!-- lanchApplication -->
        <test-method signature="submitOrder(java.util.HashMap)[pri:0, instance:Tests.SubmitOrder@7f485fda]" started-at="2025-02-28T14:35:36 IST" name="submitOrder" data-provider="getData" finished-at="2025-02-28T14:35:46 IST" duration-ms="10254" status="PASS">
          <params>
            <param index="0">
              <value>
                <![CDATA[{email=jansi@gmail.com, productName=ZARA COAT 3, Password=*Selenium1}]]>
              </value>
            </param>
          </params>
          <reporter-output>
          </reporter-output>
        </test-method> <!-- submitOrder -->
        <test-method is-config="true" signature="tearDown()[pri:0, instance:Tests.SubmitOrder@7f485fda]" started-at="2025-02-28T14:35:46 IST" name="tearDown" finished-at="2025-02-28T14:35:48 IST" duration-ms="1944" status="PASS">
          <reporter-output>
          </reporter-output>
        </test-method> <!-- tearDown -->
        <test-method is-config="true" signature="lanchApplication()[pri:0, instance:Tests.SubmitOrder@7f485fda]" started-at="2025-02-28T14:35:48 IST" name="lanchApplication" finished-at="2025-02-28T14:35:54 IST" duration-ms="6065" status="PASS">
          <reporter-output>
          </reporter-output>
        </test-method> <!-- lanchApplication -->
        <test-method signature="submitOrder(java.util.HashMap)[pri:0, instance:Tests.SubmitOrder@7f485fda]" started-at="2025-02-28T14:35:54 IST" name="submitOrder" data-provider="getData" finished-at="2025-02-28T14:36:10 IST" duration-ms="15940" status="PASS">
          <params>
            <param index="0">
              <value>
                <![CDATA[{email=vimala@gmail.com, productName=IPHONE 13 PRO, Password=*Selenium1}]]>
              </value>
            </param>
          </params>
          <reporter-output>
          </reporter-output>
        </test-method> <!-- submitOrder -->
        <test-method is-config="true" signature="tearDown()[pri:0, instance:Tests.SubmitOrder@7f485fda]" started-at="2025-02-28T14:36:10 IST" name="tearDown" finished-at="2025-02-28T14:36:11 IST" duration-ms="508" status="PASS">
          <reporter-output>
          </reporter-output>
        </test-method> <!-- tearDown -->
        <test-method is-config="true" signature="lanchApplication()[pri:0, instance:Tests.SubmitOrder@7f485fda]" started-at="2025-02-28T14:36:11 IST" name="lanchApplication" finished-at="2025-02-28T14:36:15 IST" duration-ms="3991" status="PASS">
          <reporter-output>
          </reporter-output>
        </test-method> <!-- lanchApplication -->
        <test-method signature="OrdersHistoryTest()[pri:0, instance:Tests.SubmitOrder@7f485fda]" started-at="2025-02-28T14:36:15 IST" name="OrdersHistoryTest" finished-at="2025-02-28T14:36:16 IST" depends-on-methods="Tests.SubmitOrder.submitOrder" duration-ms="1018" status="PASS">
          <reporter-output>
          </reporter-output>
        </test-method> <!-- OrdersHistoryTest -->
        <test-method is-config="true" signature="tearDown()[pri:0, instance:Tests.SubmitOrder@7f485fda]" started-at="2025-02-28T14:36:16 IST" name="tearDown" finished-at="2025-02-28T14:36:16 IST" duration-ms="445" status="PASS">
          <reporter-output>
          </reporter-output>
        </test-method> <!-- tearDown -->
      </class> <!-- Tests.SubmitOrder -->
    </test> <!-- Submit Order -->
  </suite> <!-- Suite -->
</testng-results>
