<?xml version="1.0" encoding="UTF-8"?>
<!-- Generated by org.testng.reporters.JUnitXMLReporter -->
<testsuite ignored="0" hostname="DESKTOP-7FTL27E" failures="0" tests="3" name="Submit Order" time="51.334" errors="0" timestamp="2025-02-28T14:36:16 IST">
  <testcase classname="Tests.SubmitOrder" name="submitOrder" time="10.254"/>
  <testcase classname="Tests.SubmitOrder" name="submitOrder" time="15.94"/>
  <testcase classname="Tests.SubmitOrder" name="OrdersHistoryTest" time="1.018"/>
</testsuite> <!-- Submit Order -->
