<?xml version="1.0" encoding="UTF-8"?>
<!-- Generated by org.testng.reporters.JUnitXMLReporter -->
<testsuite ignored="0" hostname="DESKTOP-7FTL27E" failures="0" tests="3" name="Submit Order" time="51.846" errors="0" timestamp="2025-02-27T10:22:05 IST">
  <testcase classname="Tests.SubmitOrder" name="submitOrder" time="15.933"/>
  <testcase classname="Tests.SubmitOrder" name="submitOrder" time="15.078"/>
  <testcase classname="Tests.SubmitOrder" name="OrdersHistoryTest" time="1.119"/>
</testsuite> <!-- Submit Order -->
