<?xml version="1.0" encoding="UTF-8"?>
<testng-results ignored="0" total="3" passed="3" failed="0" skipped="0">
  <reporter-output>
  </reporter-output>
  <suite started-at="2025-02-08T06:50:44 IST" name="Default suite" finished-at="2025-02-08T06:50:44 IST" duration-ms="153">
    <groups>
    </groups>
    <test started-at="2025-02-08T06:50:44 IST" name="Default test" finished-at="2025-02-08T06:50:44 IST" duration-ms="153">
      <class name="test.ex4">
        <test-method signature="MobileLoginhome()[pri:0, instance:test.ex4@6e9175d8]" started-at="2025-02-08T06:50:44 IST" name="MobileLoginhome" finished-at="2025-02-08T06:50:44 IST" duration-ms="19" status="PASS">
          <reporter-output>
          </reporter-output>
        </test-method> <!-- MobileLoginhome -->
        <test-method signature="WebLoginhome()[pri:0, instance:test.ex4@6e9175d8]" started-at="2025-02-08T06:50:44 IST" name="WebLoginhome" finished-at="2025-02-08T06:50:44 IST" duration-ms="5" status="PASS">
          <reporter-output>
          </reporter-output>
        </test-method> <!-- WebLoginhome -->
        <test-method signature="apiLoginhome()[pri:0, instance:test.ex4@6e9175d8]" started-at="2025-02-08T06:50:44 IST" name="apiLoginhome" finished-at="2025-02-08T06:50:44 IST" duration-ms="4" status="PASS">
          <reporter-output>
          </reporter-output>
        </test-method> <!-- apiLoginhome -->
      </class> <!-- test.ex4 -->
    </test> <!-- Default test -->
  </suite> <!-- Default suite -->
</testng-results>
