<?xml version="1.0" encoding="UTF-8"?>
<!-- Generated by org.testng.reporters.JUnitXMLReporter -->
<testsuite ignored="1" hostname="DESKTOP-7FTL27E" failures="0" tests="2" name="car-loan" time="0.02" errors="0" timestamp="2025-01-29T15:33:10 IST">
  <testcase classname="test.ex3" name="MobileLogincar" time="0.003"/>
  <testcase classname="test.ex3" name="WebLogincar" time="0.002"/>
  <testcase classname="test.ex3" name="apiLogincar" time="0.0">
    <ignored/>
  </testcase> <!-- apiLogincar -->
</testsuite> <!-- car-loan -->
