<?xml version="1.0" encoding="UTF-8"?>
<!-- Generated by org.testng.reporters.JUnitXMLReporter -->
<testsuite ignored="2" hostname="DESKTOP-7FTL27E" failures="0" tests="3" name="Test" time="0.068" errors="0" timestamp="2025-01-29T15:33:10 IST">
  <testcase classname="test.ex4" name="MobileLoginhome" time="0.009"/>
  <testcase classname="test.ex4" name="WebLoginhome" time="0.001"/>
  <testcase classname="test.ex4" name="apiLoginhome" time="0.002"/>
  <testcase classname="test.ex1" name="Demo2" time="0.0">
    <ignored/>
  </testcase> <!-- Demo2 -->
  <testcase classname="test.ex1" name="Demo" time="0.0">
    <ignored/>
  </testcase> <!-- Demo -->
</testsuite> <!-- Test -->
